<?xml version="1.0" encoding="utf-8"?><testsuites name="pytest tests"><testsuite name="pytest" errors="0" failures="0" skipped="0" tests="44" time="0.386" timestamp="2026-04-14T15:22:22.714186+00:00" hostname="agent-env-1e8dfa12-8514-46c8-bdd3-83be577bc9ae"><testcase classname="tests.test_tn_flow_engine.TestExceptionHierarchy" name="test_tnflow_base_error_exists" time="0.001" /><testcase classname="tests.test_tn_flow_engine.TestExceptionHierarchy" name="test_tncdbr_validation_error_inherits_base" time="0.000" /><testcase classname="tests.test_tn_flow_engine.TestExceptionHierarchy" name="test_road_width_insufficient_error_inherits" time="0.000" /><testcase classname="tests.test_tn_flow_engine.TestExceptionHierarchy" name="test_plot_too_small_error_inherits" time="0.000" /><testcase classname="tests.test_tn_flow_engine.TestExceptionHierarchy" name="test_floor_level_not_permitted_error_inherits" time="0.000" /><testcase classname="tests.test_tn_flow_engine.TestExceptionHierarchy" name="test_setback_exceeds_plot_error_inherits" time="0.000" /><testcase classname="tests.test_tn_flow_engine.TestExceptionHierarchy" name="test_insufficient_build_envelope_error_inherits" time="0.000" /><testcase classname="tests.test_tn_flow_engine.TestExceptionHierarchy" name="test_vastu_routing_error_inherits_base" time="0.000" /><testcase classname="tests.test_tn_flow_engine.TestExceptionHierarchy" name="test_unresolvable_room_placement_error_inherits" time="0.000" /><testcase classname="tests.test_tn_flow_engine.TestExceptionHierarchy" name="test_vastu_zone_unavailable_error_inherits" time="0.000" /><testcase classname="tests.test_tn_flow_engine.TestExceptionHierarchy" name="test_context_stores_kwargs" time="0.000" /><testcase classname="tests.test_tn_flow_engine.TestExceptionHierarchy" name="test_to_dict_returns_correct_keys" time="0.000" /><testcase classname="tests.test_tn_flow_engine.TestExceptionHierarchy" name="test_to_dict_context_contains_kwargs" time="0.000" /><testcase classname="tests.test_tn_flow_engine.TestBuildZone" name="test_valid_build_zone_returns_build_zone" time="0.008" /><testcase classname="tests.test_tn_flow_engine.TestBuildZone" name="test_envelope_polygon_is_shapely_polygon" time="0.000" /><testcase classname="tests.test_tn_flow_engine.TestBuildZone" name="test_envelope_width_m_property" time="0.000" /><testcase classname="tests.test_tn_flow_engine.TestBuildZone" name="test_envelope_depth_m_property" time="0.000" /><testcase classname="tests.test_tn_flow_engine.TestBuildZone" name="test_usable_ratio_property" time="0.000" /><testcase classname="tests.test_tn_flow_engine.TestBuildZone" name="test_carpet_area_budget_sqm_property" time="0.000" /><testcase classname="tests.test_tn_flow_engine.TestBuildZone" name="test_floor_level_not_permitted_for_g1_on_narrow_road" time="0.000" /><testcase classname="tests.test_tn_flow_engine.TestBuildZone" name="test_plot_too_small_error_for_undersized_plot" time="0.001" /><testcase classname="tests.test_tn_flow_engine.TestBuildZone" name="test_is_buildable_returns_true_for_valid_plot" time="0.001" /><testcase classname="tests.test_tn_flow_engine.TestBuildZone" name="test_is_buildable_returns_false_for_invalid_plot" time="0.001" /><testcase classname="tests.test_tn_flow_engine.TestGetMandalaGrid" name="test_returns_8_cells" time="0.001" /><testcase classname="tests.test_tn_flow_engine.TestGetMandalaGrid" name="test_each_cell_area_equals_12_sqm" time="0.001" /><testcase classname="tests.test_tn_flow_engine.TestGetMandalaGrid" name="test_se_cell_is_correct_box" time="0.001" /><testcase classname="tests.test_tn_flow_engine.TestGetMandalaGrid" name="test_raises_value_error_for_empty_polygon" time="0.000" /><testcase classname="tests.test_tn_flow_engine.TestGetRoomAnchors" name="test_returns_room_anchor_map" time="0.003" /><testcase classname="tests.test_tn_flow_engine.TestGetRoomAnchors" name="test_kitchen_in_se_for_north_facing" time="0.001" /><testcase classname="tests.test_tn_flow_engine.TestGetRoomAnchors" name="test_master_bedroom_in_sw_for_north_facing" time="0.001" /><testcase classname="tests.test_tn_flow_engine.TestGetRoomAnchors" name="test_pooja_in_ne_for_north_facing" time="0.001" /><testcase classname="tests.test_tn_flow_engine.TestGetRoomAnchors" name="test_toilet_in_nw_for_north_facing" time="0.001" /><testcase classname="tests.test_tn_flow_engine.TestGetRoomAnchors" name="test_bounding_box_is_polygon_with_area" time="0.001" /><testcase classname="tests.test_tn_flow_engine.TestGetRoomAnchors" name="test_raises_vastu_zone_unavailable_for_tiny_plot" time="0.001" /><testcase classname="tests.test_tn_flow_engine.TestGetRoomAnchors" name="test_raises_value_error_for_invalid_facing" time="0.000" /><testcase classname="tests.test_tn_flow_engine.TestGetRoomAnchors" name="test_south_facing_entrance_in_se" time="0.001" /><testcase classname="tests.test_tn_flow_engine.TestGetRoomAnchors" name="test_west_facing_entrance_in_nw" time="0.001" /><testcase classname="tests.test_tn_flow_engine.TestGetAllPriorityAnchors" name="test_returns_dict_with_keys_1_2_3" time="0.002" /><testcase classname="tests.test_tn_flow_engine.TestGetAllPriorityAnchors" name="test_priority_1_has_rooms" time="0.002" /><testcase classname="tests.test_tn_flow_engine.TestGetAllPriorityAnchors" name="test_priority_1_contains_kitchen" time="0.003" /><testcase classname="tests.test_tn_flow_engine.TestDescribeAnchors" name="test_returns_multiline_string" time="0.001" /><testcase classname="tests.test_tn_flow_engine.TestDescribeAnchors" name="test_contains_room_names" time="0.001" /><testcase classname="tests.test_tn_flow_engine.TestDescribeAnchors" name="test_contains_zone_and_bbox" time="0.001" /><testcase classname="tests.test_tn_flow_engine.TestFullPipeline" name="test_full_pipeline_end_to_end" time="0.002" /></testsuite></testsuites>