<?xml version="1.0" encoding="utf-8"?><testsuites name="pytest tests"><testsuite name="pytest" errors="0" failures="0" skipped="0" tests="31" time="0.426" timestamp="2026-04-14T15:43:47.668633+00:00" hostname="agent-env-1e8dfa12-8514-46c8-bdd3-83be577bc9ae"><testcase classname="tests.test_allocator_geometry.TestNewExceptions" name="test_space_deficit_error_exists" time="0.001" /><testcase classname="tests.test_allocator_geometry.TestNewExceptions" name="test_allocation_error_exists" time="0.000" /><testcase classname="tests.test_allocator_geometry.TestNewExceptions" name="test_space_deficit_inherits_tncdbr" time="0.000" /><testcase classname="tests.test_allocator_geometry.TestNewExceptions" name="test_allocation_error_inherits_tncdbr" time="0.000" /><testcase classname="tests.test_allocator_geometry.TestNewExceptions" name="test_space_deficit_to_dict_keys" time="0.000" /><testcase classname="tests.test_allocator_geometry.TestBHKTypeEnum" name="test_enum_values" time="0.001" /><testcase classname="tests.test_allocator_geometry.TestBHKFiltering" name="test_1bhk_excludes_bedroom2_bedroom3_staircase_storeroom" time="0.014" /><testcase classname="tests.test_allocator_geometry.TestBHKFiltering" name="test_3bhk_villa_includes_staircase_storeroom" time="0.003" /><testcase classname="tests.test_allocator_geometry.TestProportionalBisect" name="test_masterbedroom_at_bottom_staircase_at_top" time="0.000" /><testcase classname="tests.test_allocator_geometry.TestProportionalBisect" name="test_proportions_match_nbc_weights" time="0.000" /><testcase classname="tests.test_allocator_geometry.TestAllocationGeometry" name="test_no_overlapping_polygons" time="0.001" /><testcase classname="tests.test_allocator_geometry.TestAllocationGeometry" name="test_all_polygons_within_envelope" time="0.000" /><testcase classname="tests.test_allocator_geometry.TestAllocationError" name="test_allocation_error_on_tiny_cell" time="0.000" /><testcase classname="tests.test_allocator_geometry.TestAllocationError" name="test_value_error_on_unknown_bhk_type" time="0.000" /><testcase classname="tests.test_allocator_geometry.TestDescribeAllocations" name="test_describe_allocations_format" time="0.000" /><testcase classname="tests.test_allocator_geometry.TestClassifyWallThicknesses" name="test_left_edge_on_envelope_returns_ext_wall" time="0.001" /><testcase classname="tests.test_allocator_geometry.TestClassifyWallThicknesses" name="test_interior_edges_return_int_wall_half" time="0.000" /><testcase classname="tests.test_allocator_geometry.TestApplyWallThickness" name="test_sw_corner_room_insets" time="0.000" /><testcase classname="tests.test_allocator_geometry.TestApplyWallThickness" name="test_2bhk_all_rooms_pass_nbc" time="0.001" /><testcase classname="tests.test_allocator_geometry.TestApplyWallThickness" name="test_floor_plan_map_has_correct_keys" time="0.001" /><testcase classname="tests.test_allocator_geometry.TestApplyWallThickness" name="test_space_deficit_error_on_small_plot" time="0.003" /><testcase classname="tests.test_allocator_geometry.TestGetWallSchedule" name="test_wall_schedule_has_32_entries_for_8_rooms" time="0.000" /><testcase classname="tests.test_allocator_geometry.TestGetWallSchedule" name="test_wall_schedule_has_correct_wall_types" time="0.000" /><testcase classname="tests.test_allocator_geometry.TestDescribeFloorPlan" name="test_describe_floor_plan_format" time="0.001" /><testcase classname="tests.test_allocator_geometry.TestFullPipeline" name="test_full_pipeline_nbc_pass[North-12.0-22.0-2BHK]" time="0.003" /><testcase classname="tests.test_allocator_geometry.TestFullPipeline" name="test_full_pipeline_nbc_pass[South-12.0-22.0-2BHK]" time="0.003" /><testcase classname="tests.test_allocator_geometry.TestFullPipeline" name="test_full_pipeline_nbc_pass[East-15.0-22.0-2BHK]" time="0.003" /><testcase classname="tests.test_allocator_geometry.TestFullPipeline" name="test_full_pipeline_nbc_pass[West-15.0-22.0-2BHK]" time="0.003" /><testcase classname="tests.test_allocator_geometry.TestFullPipeline" name="test_full_pipeline_nbc_pass[North-15.0-25.0-3BHK_VILLA]" time="0.003" /><testcase classname="tests.test_allocator_geometry.TestFullPipeline" name="test_full_pipeline_nbc_pass[North-12.0-22.0-1BHK]" time="0.003" /><testcase classname="tests.test_allocator_geometry.TestFullPipeline" name="test_full_pipeline_nbc_pass[North-12.0-22.0-3BHK]" time="0.003" /></testsuite></testsuites>